{"/Users/anu-007/projects/hackerbay_nodejs_test/app.js":{"path":"/Users/anu-007/projects/hackerbay_nodejs_test/app.js","s":{"1":1,"2":1,"3":1,"4":1,"5":1,"6":1,"7":1,"8":1,"9":1,"10":1,"11":1,"12":6,"13":6,"14":4,"15":4,"16":4,"17":4,"18":2,"19":1,"20":4,"21":4,"22":2,"23":2,"24":1,"25":1,"26":1,"27":1,"28":1,"29":1,"30":1,"31":0,"32":1,"33":1,"34":1,"35":1,"36":7,"37":7,"38":7,"39":1,"40":1,"41":1},"b":{"1":[4,2],"2":[2,2]},"f":{"1":6,"2":4},"fnMap":{"1":{"name":"setToken","line":17,"loc":{"start":{"line":17,"column":0},"end":{"line":17,"column":34}}},"2":{"name":"verifyToken","line":35,"loc":{"start":{"line":35,"column":0},"end":{"line":35,"column":37}}}},"statementMap":{"1":{"start":{"line":1,"column":0},"end":{"line":1,"column":35}},"2":{"start":{"line":2,"column":0},"end":{"line":2,"column":36}},"3":{"start":{"line":3,"column":0},"end":{"line":3,"column":31}},"4":{"start":{"line":4,"column":0},"end":{"line":4,"column":45}},"5":{"start":{"line":5,"column":0},"end":{"line":5,"column":40}},"6":{"start":{"line":6,"column":0},"end":{"line":6,"column":42}},"7":{"start":{"line":7,"column":0},"end":{"line":7,"column":29}},"8":{"start":{"line":9,"column":0},"end":{"line":9,"column":22}},"9":{"start":{"line":11,"column":0},"end":{"line":11,"column":40}},"10":{"start":{"line":12,"column":0},"end":{"line":12,"column":27}},"11":{"start":{"line":17,"column":0},"end":{"line":33,"column":1}},"12":{"start":{"line":18,"column":4},"end":{"line":18,"column":51}},"13":{"start":{"line":20,"column":4},"end":{"line":32,"column":5}},"14":{"start":{"line":22,"column":8},"end":{"line":22,"column":47}},"15":{"start":{"line":24,"column":8},"end":{"line":24,"column":38}},"16":{"start":{"line":26,"column":8},"end":{"line":26,"column":32}},"17":{"start":{"line":28,"column":8},"end":{"line":28,"column":15}},"18":{"start":{"line":31,"column":8},"end":{"line":31,"column":28}},"19":{"start":{"line":35,"column":0},"end":{"line":43,"column":1}},"20":{"start":{"line":36,"column":4},"end":{"line":42,"column":7}},"21":{"start":{"line":37,"column":8},"end":{"line":41,"column":9}},"22":{"start":{"line":38,"column":12},"end":{"line":38,"column":32}},"23":{"start":{"line":40,"column":12},"end":{"line":40,"column":19}},"24":{"start":{"line":45,"column":0},"end":{"line":49,"column":3}},"25":{"start":{"line":46,"column":4},"end":{"line":48,"column":7}},"26":{"start":{"line":51,"column":0},"end":{"line":66,"column":3}},"27":{"start":{"line":52,"column":4},"end":{"line":55,"column":6}},"28":{"start":{"line":56,"column":4},"end":{"line":65,"column":10}},"29":{"start":{"line":58,"column":9},"end":{"line":62,"column":15}},"30":{"start":{"line":61,"column":16},"end":{"line":61,"column":39}},"31":{"start":{"line":64,"column":9},"end":{"line":64,"column":19}},"32":{"start":{"line":68,"column":0},"end":{"line":73,"column":3}},"33":{"start":{"line":69,"column":4},"end":{"line":71,"column":39}},"34":{"start":{"line":72,"column":4},"end":{"line":72,"column":20}},"35":{"start":{"line":75,"column":0},"end":{"line":86,"column":3}},"36":{"start":{"line":76,"column":4},"end":{"line":79,"column":6}},"37":{"start":{"line":81,"column":4},"end":{"line":85,"column":7}},"38":{"start":{"line":82,"column":8},"end":{"line":84,"column":11}},"39":{"start":{"line":88,"column":0},"end":{"line":88,"column":21}},"40":{"start":{"line":90,"column":0},"end":{"line":92,"column":3}},"41":{"start":{"line":91,"column":4},"end":{"line":91,"column":47}}},"branchMap":{"1":{"line":20,"type":"if","locations":[{"start":{"line":20,"column":4},"end":{"line":20,"column":4}},{"start":{"line":20,"column":4},"end":{"line":20,"column":4}}]},"2":{"line":37,"type":"if","locations":[{"start":{"line":37,"column":8},"end":{"line":37,"column":8}},{"start":{"line":37,"column":8},"end":{"line":37,"column":8}}]}}}}