TN:
SF:/Users/anu-007/projects/hackerbay_nodejs_test/app.js
FN:17,setToken
FN:35,verifyToken
FNF:2
FNH:2
FNDA:6,setToken
FNDA:4,verifyToken
DA:1,1
DA:2,1
DA:3,1
DA:4,1
DA:5,1
DA:6,1
DA:7,1
DA:9,1
DA:11,1
DA:12,1
DA:17,1
DA:18,6
DA:20,6
DA:22,4
DA:24,4
DA:26,4
DA:28,4
DA:31,2
DA:35,1
DA:36,4
DA:37,4
DA:38,2
DA:40,2
DA:45,1
DA:46,1
DA:51,1
DA:52,1
DA:56,1
DA:58,1
DA:61,1
DA:64,0
DA:68,1
DA:69,1
DA:72,1
DA:75,1
DA:76,7
DA:81,7
DA:82,7
DA:88,1
DA:90,1
DA:91,1
LF:41
LH:40
BRDA:20,1,0,4
BRDA:20,1,1,2
BRDA:37,2,0,2
BRDA:37,2,1,2
BRF:4
BRH:4
end_of_record
